
> holger-astro@0.0.1 check /mnt/c/work/holgerkampffmeyer2.github.io
> astro check

08:42:59 [types] Generated 940ms
08:42:59 [check] Getting diagnostics for Astro files in /mnt/c/work/holgerkampffmeyer2.github.io...
 ELIFECYCLE  Command failed.
[96mscripts/extract-lighthouse-findings.mjs[0m:[93m40[0m:[93m7[0m - [93mwarning[0m[90m ts(6133): [0m'largestResources' is declared but its value is never read.

[7m40[0m const largestResources = Object.values(audits)
[7m  [0m [93m      ~~~~~~~~~~~~~~~~[0m

[96mscripts/optimize-images.mjs[0m:[93m74[0m:[93m9[0m - [93mwarning[0m[90m ts(6133): [0m'ext' is declared but its value is never read.

[7m74[0m   const ext = path.extname(filePath).toLowerCase();
[7m  [0m [93m        ~~~[0m

[96msrc/components/Navbar.astro[0m:[93m109[0m:[93m9[0m - [93mwarning[0m[90m astro(4000): [0mThis script will be treated as if it has the `is:inline` directive because it contains an attribute. Therefore, features that require processing (e.g. using TypeScript or npm packages in the script) are unavailable.

See docs for more details: https://docs.astro.build/en/guides/client-side-scripts/#script-processing.

Add the `is:inline` directive explicitly to silence this hint.

[7m109[0m <script type="module">
[7m   [0m [93m        ~~~~[0m

[96msrc/layouts/Layout.astro[0m:[93m178[0m:[93m13[0m - [93mwarning[0m[90m astro(4000): [0mThis script will be treated as if it has the `is:inline` directive because it contains an attribute. Therefore, features that require processing (e.g. using TypeScript or npm packages in the script) are unavailable.

See docs for more details: https://docs.astro.build/en/guides/client-side-scripts/#script-processing.

Add the `is:inline` directive explicitly to silence this hint.

[7m178[0m     <script src="/assets/animation-observer.js" defer></script>
[7m   [0m [93m            ~~~[0m

[96msrc/pages/dj/mixes-all.astro[0m:[93m188[0m:[93m11[0m - [93mwarning[0m[90m astro(4000): [0mThis script will be treated as if it has the `is:inline` directive because it contains an attribute. Therefore, features that require processing (e.g. using TypeScript or npm packages in the script) are unavailable.

See docs for more details: https://docs.astro.build/en/guides/client-side-scripts/#script-processing.

Add the `is:inline` directive explicitly to silence this hint.

[7m188[0m   <script async src="https://widget.mixcloud.com/media/js/widgetApi.js"></script>
[7m   [0m [93m          ~~~~~[0m

Result (76 files): 
- 0 errors
- 0 warnings
- 5 hints

